#
# There is insufficient memory for the Java Runtime Environment to continue.
# Native memory allocation (malloc) failed to allocate 1510000 bytes for Chunk::new
# Possible reasons:
#   The system is out of physical RAM or swap space
#   The process is running with CompressedOops enabled, and the Java Heap may be blocking the growth of the native heap
# Possible solutions:
#   Reduce memory load on the system
#   Increase physical memory or swap space
#   Check if swap backing store is full
#   Decrease Java heap size (-Xmx/-Xms)
#   Decrease number of Java threads
#   Decrease Java thread stack sizes (-Xss)
#   Set larger code cache with -XX:ReservedCodeCacheSize=
#   JVM is running with Unscaled Compressed Oops mode in which the Java heap is
#     placed in the first 4GB address space. The Java Heap base address is the
#     maximum limit for the native heap growth. Please use -XX:HeapBaseMinAddress
#     to set the Java Heap base and to place the Java Heap above 4GB virtual address.
# This output file may be truncated or incomplete.
#
#  Out of Memory Error (allocation.cpp:389), pid=12636, tid=0x0000000000000a88
#
# JRE version: OpenJDK Runtime Environment (8.0_202-b03) (build 1.8.0_202-release-1483-b03)
# Java VM: OpenJDK 64-Bit Server VM (25.202-b03 mixed mode windows-amd64 compressed oops)
# Failed to write core dump. Minidumps are not enabled by default on client versions of Windows
#

---------------  T H R E A D  ---------------

Current thread (0x0000000016c4a000):  JavaThread "C2 CompilerThread0" daemon [_thread_in_native, id=2696, stack(0x00000000182b0000,0x00000000183b0000)]

Stack: [0x00000000182b0000,0x00000000183b0000]
[error occurred during error reporting (printing stack bounds), id 0xc0000005]

Native frames: (J=compiled Java code, j=interpreted, Vv=VM code, C=native code)


Current CompileTask:
C2:   9384 4005       4       com.sun.beans.TypeResolver::resolve (37 bytes)


---------------  P R O C E S S  ---------------

Java Threads: ( => current thread )
  0x000000001cff7000 JavaThread "Cache worker for Build Output Cleanup Cache (D:\Tu hoc php\DoAnMonHoc\.gradle\buildOutputCleanup)" [_thread_blocked, id=12648, stack(0x0000000021e30000,0x0000000021f30000)]
  0x000000001cff6800 JavaThread "Build operations Thread 4" [_thread_blocked, id=9832, stack(0x0000000022250000,0x0000000022350000)]
  0x000000001cffd000 JavaThread "Build operations Thread 3" [_thread_blocked, id=14212, stack(0x0000000022150000,0x0000000022250000)]
  0x000000001cff5800 JavaThread "Build operations Thread 2" [_thread_blocked, id=2860, stack(0x0000000022050000,0x0000000022150000)]
  0x000000001cffb800 JavaThread "Build operations" [_thread_blocked, id=10668, stack(0x0000000021f50000,0x0000000022050000)]
  0x000000001cffb000 JavaThread "Cache worker for execution history cache (C:\Users\son\.gradle\caches\5.4.1\executionHistory)" [_thread_blocked, id=2060, stack(0x0000000022390000,0x0000000022490000)]
  0x000000001cffc800 JavaThread "Cache worker for cache directory md-rule (C:\Users\son\.gradle\caches\5.4.1\md-rule)" [_thread_blocked, id=11948, stack(0x0000000021b30000,0x0000000021c30000)]
  0x000000001cffa000 JavaThread "Cache worker for cache directory md-supplier (C:\Users\son\.gradle\caches\5.4.1\md-supplier)" [_thread_blocked, id=13540, stack(0x0000000021a30000,0x0000000021b30000)]
  0x00000000193db800 JavaThread "Cache worker for file hash cache (D:\Tu hoc php\DoAnMonHoc\.gradle\5.4.1\fileHashes)" [_thread_blocked, id=11820, stack(0x0000000020760000,0x0000000020860000)]
  0x00000000193da000 JavaThread "Cache worker for journal cache (C:\Users\son\.gradle\caches\journal-1)" [_thread_blocked, id=6316, stack(0x000000001b800000,0x000000001b900000)]
  0x00000000193d9000 JavaThread "File lock request listener" [_thread_in_native, id=2548, stack(0x000000001b700000,0x000000001b800000)]
  0x00000000193da800 JavaThread "Cache worker for file hash cache (C:\Users\son\.gradle\caches\5.4.1\fileHashes)" [_thread_blocked, id=9020, stack(0x000000001b600000,0x000000001b700000)]
  0x0000000019e8c800 JavaThread "Thread-9" [_thread_blocked, id=7500, stack(0x000000001b500000,0x000000001b600000)]
  0x000000001891a800 JavaThread "Stdin handler" [_thread_blocked, id=12440, stack(0x000000001b400000,0x000000001b500000)]
  0x000000001891a000 JavaThread "Asynchronous log dispatcher for DefaultDaemonConnection: socket connection from /127.0.0.1:54819 to /127.0.0.1:54820" [_thread_blocked, id=8892, stack(0x000000001b300000,0x000000001b400000)]
  0x00000000198bc000 JavaThread "Daemon worker" [_thread_in_vm, id=5984, stack(0x000000001b200000,0x000000001b300000)]
  0x0000000019941800 JavaThread "Cancel handler" [_thread_blocked, id=12280, stack(0x000000001b100000,0x000000001b200000)]
  0x0000000018d18000 JavaThread "Daemon periodic checks" [_thread_blocked, id=12476, stack(0x000000001ae00000,0x000000001af00000)]
  0x00000000188a1000 JavaThread "Handler for socket connection from /127.0.0.1:54819 to /127.0.0.1:54820" [_thread_in_native, id=5272, stack(0x000000001ad00000,0x000000001ae00000)]
  0x00000000188a5000 JavaThread "Daemon" [_thread_blocked, id=248, stack(0x000000001ac00000,0x000000001ad00000)]
  0x0000000018949800 JavaThread "Incoming local TCP Connector on port 54819" [_thread_in_native, id=8780, stack(0x000000001a9c0000,0x000000001aac0000)]
  0x0000000019bb0000 JavaThread "Daemon health stats" [_thread_blocked, id=11828, stack(0x000000001a380000,0x000000001a480000)]
  0x0000000016cad800 JavaThread "Service Thread" daemon [_thread_blocked, id=14300, stack(0x00000000189b0000,0x0000000018ab0000)]
  0x0000000016c5d000 JavaThread "C1 CompilerThread2" daemon [_thread_blocked, id=8308, stack(0x00000000184b0000,0x00000000185b0000)]
  0x0000000016c4e800 JavaThread "C2 CompilerThread1" daemon [_thread_in_native, id=6044, stack(0x00000000183b0000,0x00000000184b0000)]
=>0x0000000016c4a000 JavaThread "C2 CompilerThread0" daemon [_thread_in_native, id=2696, stack(0x00000000182b0000,0x00000000183b0000)]
  0x0000000016c5a000 JavaThread "Attach Listener" daemon [_thread_blocked, id=13220, stack(0x00000000181b0000,0x00000000182b0000)]
  0x0000000016c56800 JavaThread "Signal Dispatcher" daemon [_thread_blocked, id=1960, stack(0x00000000180b0000,0x00000000181b0000)]
  0x00000000032da800 JavaThread "Finalizer" daemon [_thread_blocked, id=6676, stack(0x0000000017eb0000,0x0000000017fb0000)]
  0x00000000032d2000 JavaThread "Reference Handler" daemon [_thread_blocked, id=10992, stack(0x0000000017db0000,0x0000000017eb0000)]
  0x00000000031e2800 JavaThread "main" [_thread_blocked, id=6588, stack(0x0000000003060000,0x0000000003160000)]

Other Threads:
  0x0000000016c16800 VMThread [stack: 0x0000000017cb0000,0x0000000017db0000] [id=5568]
  0x0000000016cae800 WatcherThread [stack: 0x0000000018ab0000,0x0000000018bb0000] [id=10820]

VM state:not at safepoint (normal execution)

VM Mutex/Monitor currently owned by a thread: None

heap address: 0x00000000a0000000, size: 1536 MB, Compressed Oops mode: 32-bit
Narrow klass base: 0x0000000000000000, Narrow klass shift: 3
Compressed class space size: 1073741824 Address: 0x0000000100000000

Heap:
 PSYoungGen      total 152576K, used 33200K [0x00000000e0000000, 0x00000000ea580000, 0x0000000100000000)
  eden space 140800K, 15% used [0x00000000e0000000,0x00000000e14eff58,0x00000000e8980000)
  from space 11776K, 99% used [0x00000000e9900000,0x00000000ea47c1b8,0x00000000ea480000)
  to   space 14336K, 0% used [0x00000000e8980000,0x00000000e8980000,0x00000000e9780000)
 ParOldGen       total 87552K, used 20188K [0x00000000a0000000, 0x00000000a5580000, 0x00000000e0000000)
  object space 87552K, 23% used [0x00000000a0000000,0x00000000a13b7198,0x00000000a5580000)
 Metaspace       used 47468K, capacity 48732K, committed 49024K, reserved 1091584K
  class space    used 6391K, capacity 6727K, committed 6784K, reserved 1048576K

Card table byte_map: [0x00000000126a0000,0x00000000129b0000] byte_map_base: 0x00000000121a0000

Marking Bits: (ParMarkBitMap*) 0x000000005d349f30
 Begin Bits: [0x0000000012fb0000, 0x00000000147b0000)
 End Bits:   [0x00000000147b0000, 0x0000000015fb0000)

Polling page: 0x00000000017a0000

CodeCache: size=245760Kb used=12988Kb max_used=13224Kb free=232771Kb
 bounds [0x00000000032e0000, 0x0000000003fe0000, 0x00000000122e0000]
 total_blobs=4554 nmethods=3791 adapters=676
 compilation: enabled

Compilation events (10 events):
Event: 9.353 Thread 0x0000000016c5d000 4129       3       jdk.internal.org.objectweb.asm.MethodWriter::visitTypeInsn (110 bytes)
Event: 9.354 Thread 0x0000000016c5d000 nmethod 4129 0x0000000003510fd0 code [0x0000000003511160, 0x0000000003511588]
Event: 9.354 Thread 0x0000000016c5d000 4130       3       java.lang.invoke.DirectMethodHandle::<init> (132 bytes)
Event: 9.355 Thread 0x0000000016c5d000 nmethod 4130 0x0000000003569910 code [0x0000000003569bc0, 0x000000000356b3d8]
Event: 9.355 Thread 0x0000000016c5d000 4132       3       sun.invoke.util.VerifyAccess::isTypeVisible (49 bytes)
Event: 9.355 Thread 0x0000000016c5d000 nmethod 4132 0x00000000038589d0 code [0x0000000003858b60, 0x00000000038590a8]
Event: 9.356 Thread 0x0000000016c5d000 4133       3       java.lang.invoke.LambdaForm$DMH/1042786867::invokeStatic_L4_L (20 bytes)
Event: 9.356 Thread 0x0000000016c5d000 nmethod 4133 0x00000000038e4850 code [0x00000000038e49e0, 0x00000000038e4f78]
Event: 9.358 Thread 0x0000000016c5d000 4135       3       java.lang.invoke.MemberName::isField (7 bytes)
Event: 9.358 Thread 0x0000000016c5d000 nmethod 4135 0x00000000038e4390 code [0x00000000038e4500, 0x00000000038e4770]

GC Heap History (10 events):
Event: 3.723 GC heap before
{Heap before GC invocations=8 (full 1):
 PSYoungGen      total 76288K, used 66560K [0x00000000e0000000, 0x00000000e5500000, 0x0000000100000000)
  eden space 66560K, 100% used [0x00000000e0000000,0x00000000e4100000,0x00000000e4100000)
  from space 9728K, 0% used [0x00000000e4b80000,0x00000000e4b80000,0x00000000e5500000)
  to   space 10240K, 0% used [0x00000000e4100000,0x00000000e4100000,0x00000000e4b00000)
 ParOldGen       total 57344K, used 8273K [0x00000000a0000000, 0x00000000a3800000, 0x00000000e0000000)
  object space 57344K, 14% used [0x00000000a0000000,0x00000000a0814498,0x00000000a3800000)
 Metaspace       used 29035K, capacity 29544K, committed 29824K, reserved 1075200K
  class space    used 3925K, capacity 4098K, committed 4224K, reserved 1048576K
Event: 3.730 GC heap after
Heap after GC invocations=8 (full 1):
 PSYoungGen      total 76800K, used 8143K [0x00000000e0000000, 0x00000000e8080000, 0x0000000100000000)
  eden space 66560K, 0% used [0x00000000e0000000,0x00000000e0000000,0x00000000e4100000)
  from space 10240K, 79% used [0x00000000e4100000,0x00000000e48f3d20,0x00000000e4b00000)
  to   space 10752K, 0% used [0x00000000e7600000,0x00000000e7600000,0x00000000e8080000)
 ParOldGen       total 57344K, used 8281K [0x00000000a0000000, 0x00000000a3800000, 0x00000000e0000000)
  object space 57344K, 14% used [0x00000000a0000000,0x00000000a0816498,0x00000000a3800000)
 Metaspace       used 29035K, capacity 29544K, committed 29824K, reserved 1075200K
  class space    used 3925K, capacity 4098K, committed 4224K, reserved 1048576K
}
Event: 4.424 GC heap before
{Heap before GC invocations=9 (full 1):
 PSYoungGen      total 76800K, used 74703K [0x00000000e0000000, 0x00000000e8080000, 0x0000000100000000)
  eden space 66560K, 100% used [0x00000000e0000000,0x00000000e4100000,0x00000000e4100000)
  from space 10240K, 79% used [0x00000000e4100000,0x00000000e48f3d20,0x00000000e4b00000)
  to   space 10752K, 0% used [0x00000000e7600000,0x00000000e7600000,0x00000000e8080000)
 ParOldGen       total 57344K, used 8281K [0x00000000a0000000, 0x00000000a3800000, 0x00000000e0000000)
  object space 57344K, 14% used [0x00000000a0000000,0x00000000a0816498,0x00000000a3800000)
 Metaspace       used 32387K, capacity 32934K, committed 33152K, reserved 1077248K
  class space    used 4466K, capacity 4652K, committed 4736K, reserved 1048576K
Event: 4.431 GC heap after
Heap after GC invocations=9 (full 1):
 PSYoungGen      total 117760K, used 8716K [0x00000000e0000000, 0x00000000e7f80000, 0x0000000100000000)
  eden space 108032K, 0% used [0x00000000e0000000,0x00000000e0000000,0x00000000e6980000)
  from space 9728K, 89% used [0x00000000e7600000,0x00000000e7e83298,0x00000000e7f80000)
  to   space 11264K, 0% used [0x00000000e6980000,0x00000000e6980000,0x00000000e7480000)
 ParOldGen       total 57344K, used 8289K [0x00000000a0000000, 0x00000000a3800000, 0x00000000e0000000)
  object space 57344K, 14% used [0x00000000a0000000,0x00000000a0818498,0x00000000a3800000)
 Metaspace       used 32387K, capacity 32934K, committed 33152K, reserved 1077248K
  class space    used 4466K, capacity 4652K, committed 4736K, reserved 1048576K
}
Event: 7.605 GC heap before
{Heap before GC invocations=10 (full 1):
 PSYoungGen      total 117760K, used 56807K [0x00000000e0000000, 0x00000000e7f80000, 0x0000000100000000)
  eden space 108032K, 44% used [0x00000000e0000000,0x00000000e2ef6bb0,0x00000000e6980000)
  from space 9728K, 89% used [0x00000000e7600000,0x00000000e7e83298,0x00000000e7f80000)
  to   space 11264K, 0% used [0x00000000e6980000,0x00000000e6980000,0x00000000e7480000)
 ParOldGen       total 57344K, used 8289K [0x00000000a0000000, 0x00000000a3800000, 0x00000000e0000000)
  object space 57344K, 14% used [0x00000000a0000000,0x00000000a0818498,0x00000000a3800000)
 Metaspace       used 34704K, capacity 35396K, committed 35456K, reserved 1079296K
  class space    used 4778K, capacity 4991K, committed 4992K, reserved 1048576K
Event: 7.615 GC heap after
Heap after GC invocations=10 (full 1):
 PSYoungGen      total 119296K, used 10287K [0x00000000e0000000, 0x00000000ea480000, 0x0000000100000000)
  eden space 108032K, 0% used [0x00000000e0000000,0x00000000e0000000,0x00000000e6980000)
  from space 11264K, 91% used [0x00000000e6980000,0x00000000e738bf70,0x00000000e7480000)
  to   space 11776K, 0% used [0x00000000e9900000,0x00000000e9900000,0x00000000ea480000)
 ParOldGen       total 57344K, used 8297K [0x00000000a0000000, 0x00000000a3800000, 0x00000000e0000000)
  object space 57344K, 14% used [0x00000000a0000000,0x00000000a081a498,0x00000000a3800000)
 Metaspace       used 34704K, capacity 35396K, committed 35456K, reserved 1079296K
  class space    used 4778K, capacity 4991K, committed 4992K, reserved 1048576K
}
Event: 7.615 GC heap before
{Heap before GC invocations=11 (full 2):
 PSYoungGen      total 119296K, used 10287K [0x00000000e0000000, 0x00000000ea480000, 0x0000000100000000)
  eden space 108032K, 0% used [0x00000000e0000000,0x00000000e0000000,0x00000000e6980000)
  from space 11264K, 91% used [0x00000000e6980000,0x00000000e738bf70,0x00000000e7480000)
  to   space 11776K, 0% used [0x00000000e9900000,0x00000000e9900000,0x00000000ea480000)
 ParOldGen       total 57344K, used 8297K [0x00000000a0000000, 0x00000000a3800000, 0x00000000e0000000)
  object space 57344K, 14% used [0x00000000a0000000,0x00000000a081a498,0x00000000a3800000)
 Metaspace       used 34704K, capacity 35396K, committed 35456K, reserved 1079296K
  class space    used 4778K, capacity 4991K, committed 4992K, reserved 1048576K
Event: 7.681 GC heap after
Heap after GC invocations=11 (full 2):
 PSYoungGen      total 119296K, used 0K [0x00000000e0000000, 0x00000000ea480000, 0x0000000100000000)
  eden space 108032K, 0% used [0x00000000e0000000,0x00000000e0000000,0x00000000e6980000)
  from space 11264K, 0% used [0x00000000e6980000,0x00000000e6980000,0x00000000e7480000)
  to   space 11776K, 0% used [0x00000000e9900000,0x00000000e9900000,0x00000000ea480000)
 ParOldGen       total 87552K, used 17216K [0x00000000a0000000, 0x00000000a5580000, 0x00000000e0000000)
  object space 87552K, 19% used [0x00000000a0000000,0x00000000a10d0218,0x00000000a5580000)
 Metaspace       used 34702K, capacity 35390K, committed 35456K, reserved 1079296K
  class space    used 4778K, capacity 4990K, committed 4992K, reserved 1048576K
}
Event: 9.022 GC heap before
{Heap before GC invocations=12 (full 2):
 PSYoungGen      total 119296K, used 108032K [0x00000000e0000000, 0x00000000ea480000, 0x0000000100000000)
  eden space 108032K, 100% used [0x00000000e0000000,0x00000000e6980000,0x00000000e6980000)
  from space 11264K, 0% used [0x00000000e6980000,0x00000000e6980000,0x00000000e7480000)
  to   space 11776K, 0% used [0x00000000e9900000,0x00000000e9900000,0x00000000ea480000)
 ParOldGen       total 87552K, used 17216K [0x00000000a0000000, 0x00000000a5580000, 0x00000000e0000000)
  object space 87552K, 19% used [0x00000000a0000000,0x00000000a10d0218,0x00000000a5580000)
 Metaspace       used 45368K, capacity 46398K, committed 46720K, reserved 1089536K
  class space    used 6112K, capacity 6414K, committed 6528K, reserved 1048576K
Event: 9.035 GC heap after
Heap after GC invocations=12 (full 2):
 PSYoungGen      total 152576K, used 11760K [0x00000000e0000000, 0x00000000ea580000, 0x0000000100000000)
  eden space 140800K, 0% used [0x00000000e0000000,0x00000000e0000000,0x00000000e8980000)
  from space 11776K, 99% used [0x00000000e9900000,0x00000000ea47c1b8,0x00000000ea480000)
  to   space 14336K, 0% used [0x00000000e8980000,0x00000000e8980000,0x00000000e9780000)
 ParOldGen       total 87552K, used 20188K [0x00000000a0000000, 0x00000000a5580000, 0x00000000e0000000)
  object space 87552K, 23% used [0x00000000a0000000,0x00000000a13b7198,0x00000000a5580000)
 Metaspace       used 45368K, capacity 46398K, committed 46720K, reserved 1089536K
  class space    used 6112K, capacity 6414K, committed 6528K, reserved 1048576K
}

Deoptimization events (10 events):
Event: 8.556 Thread 0x00000000198bc000 Uncommon trap: reason=unstable_if action=reinterpret pc=0x0000000003c61800 method=java.util.jar.JarFile.maybeInstantiateVerifier()V @ 4
Event: 8.558 Thread 0x00000000198bc000 Uncommon trap: reason=unstable_if action=reinterpret pc=0x0000000003437a14 method=java.util.jar.JarFile.maybeInstantiateVerifier()V @ 4
Event: 8.558 Thread 0x00000000198bc000 Uncommon trap: reason=unstable_if action=reinterpret pc=0x0000000003d33a70 method=java.security.CodeSource.<init>(Ljava/net/URL;[Ljava/security/CodeSigner;)V @ 25
Event: 8.559 Thread 0x00000000198bc000 Uncommon trap: reason=unstable_if action=reinterpret pc=0x00000000038c406c method=java.security.CodeSource.getCertificates()[Ljava/security/cert/Certificate; @ 22
Event: 8.559 Thread 0x00000000198bc000 Uncommon trap: reason=unstable_if action=reinterpret pc=0x0000000003bff268 method=java.util.jar.JarFile.maybeInstantiateVerifier()V @ 4
Event: 8.559 Thread 0x00000000198bc000 Uncommon trap: reason=unstable_if action=reinterpret pc=0x00000000037b4af0 method=java.util.jar.JarFile.maybeInstantiateVerifier()V @ 4
Event: 8.577 Thread 0x00000000198bc000 Uncommon trap: reason=unstable_if action=reinterpret pc=0x0000000003d840c0 method=java.util.LinkedHashMap.get(Ljava/lang/Object;)Ljava/lang/Object; @ 20
Event: 8.638 Thread 0x00000000198bc000 Uncommon trap: reason=unstable_if action=reinterpret pc=0x0000000003b51824 method=org.objectweb.asm.ByteVector.putUTF8(Ljava/lang/String;)Lorg/objectweb/asm/ByteVector; @ 93
Event: 8.945 Thread 0x00000000198bc000 Uncommon trap: reason=unstable_if action=reinterpret pc=0x0000000003b42250 method=org.gradle.internal.reflect.PropertyAccessorType.of(Ljava/lang/reflect/Method;)Lorg/gradle/internal/reflect/PropertyAccessorType; @ 56
Event: 9.132 Thread 0x00000000198bc000 Uncommon trap: reason=unstable_if action=reinterpret pc=0x0000000003ef8d30 method=org.gradle.internal.instantiation.AbstractClassGenerator$InjectionAnnotationValidator.validateMethod(Ljava/lang/reflect/Method;Lorg/gradle/internal/reflect/PropertyAccessorT

Classes redefined (0 events):
No events

Internal exceptions (10 events):
Event: 9.066 Thread 0x00000000198bc000 Exception <a 'java/lang/ClassNotFoundException': org/gradle/api/internal/file/CompositeFileTreeCustomizer> (0x00000000e083ec50) thrown at [D:\src\AOSP-openjdk-cygwin\jdk8u\hotspot\src\share\vm\classfile\systemDictionary.cpp, line 210]
Event: 9.067 Thread 0x00000000198bc000 Exception <a 'java/lang/ClassNotFoundException': org/gradle/api/internal/file/collections/DefaultConfigurableFileTreeCustomizer> (0x00000000e088c900) thrown at [D:\src\AOSP-openjdk-cygwin\jdk8u\hotspot\src\share\vm\classfile\systemDictionary.cpp, line 210
Event: 9.334 Thread 0x00000000198bc000 Exception <a 'java/lang/ClassNotFoundException': org/gradle/api/plugins/internal/DefaultBasePluginConventionBeanInfo> (0x00000000e1146568) thrown at [D:\src\AOSP-openjdk-cygwin\jdk8u\hotspot\src\share\vm\classfile\systemDictionary.cpp, line 210]
Event: 9.335 Thread 0x00000000198bc000 Exception <a 'java/lang/ClassNotFoundException': org/gradle/api/plugins/BasePluginConventionBeanInfo> (0x00000000e116c1c8) thrown at [D:\src\AOSP-openjdk-cygwin\jdk8u\hotspot\src\share\vm\classfile\systemDictionary.cpp, line 210]
Event: 9.336 Thread 0x00000000198bc000 Exception <a 'java/lang/ClassNotFoundException': org/gradle/api/plugins/BasePluginConventionCustomizer> (0x00000000e1192780) thrown at [D:\src\AOSP-openjdk-cygwin\jdk8u\hotspot\src\share\vm\classfile\systemDictionary.cpp, line 210]
Event: 9.337 Thread 0x00000000198bc000 Exception <a 'java/lang/ClassNotFoundException': org/gradle/api/plugins/internal/DefaultBasePluginConventionCustomizer> (0x00000000e11d20e8) thrown at [D:\src\AOSP-openjdk-cygwin\jdk8u\hotspot\src\share\vm\classfile\systemDictionary.cpp, line 210]
Event: 9.345 Thread 0x00000000198bc000 Exception <a 'java/lang/NoSuchMethodError': java.lang.Object.lambda$comparing$77a9974f$1(Ljava/util/function/Function;Ljava/lang/Object;Ljava/lang/Object;)I> (0x00000000e1248a98) thrown at [D:\src\AOSP-openjdk-cygwin\jdk8u\hotspot\src\share\vm\interpreter
Event: 9.353 Thread 0x00000000198bc000 Exception <a 'java/lang/NoSuchMethodError': java.lang.Object.lambda$comparingInt$7b0bb60$1(Ljava/util/function/ToIntFunction;Ljava/lang/Object;Ljava/lang/Object;)I> (0x00000000e1253080) thrown at [D:\src\AOSP-openjdk-cygwin\jdk8u\hotspot\src\share\vm\inte
Event: 9.356 Thread 0x00000000198bc000 Exception <a 'java/lang/NoSuchMethodError': java.lang.Object.lambda$thenComparing$36697e65$1(Ljava/util/Comparator;Ljava/lang/Object;Ljava/lang/Object;)I> (0x00000000e125bc08) thrown at [D:\src\AOSP-openjdk-cygwin\jdk8u\hotspot\src\share\vm\interpreter\li
Event: 9.357 Thread 0x00000000198bc000 Exception <a 'java/lang/NoSuchMethodError': java.lang.Object.lambda$comparing$ea9a8b3a$1(Ljava/util/Comparator;Ljava/util/function/Function;Ljava/lang/Object;Ljava/lang/Object;)I> (0x00000000e1269790) thrown at [D:\src\AOSP-openjdk-cygwin\jdk8u\hotspot\sr

Events (10 events):
Event: 9.362 loading class com/android/build/VariantOutput done
Event: 9.363 loading class com/android/build/gradle/internal/scope/ApkData
Event: 9.363 loading class com/android/build/gradle/internal/scope/ApkData done
Event: 9.363 loading class com/android/build/gradle/internal/dependency/VariantDependencies
Event: 9.363 loading class com/android/build/gradle/internal/dependency/VariantDependencies done
Event: 9.363 loading class com/android/build/gradle/internal/dependency/VariantDependencies$Builder
Event: 9.363 loading class com/android/build/gradle/internal/dependency/VariantDependencies$Builder done
Event: 9.365 loading class org/gradle/api/internal/model/NamedObjectInstantiator$ClassGeneratingLoader
Event: 9.365 loading class org/gradle/api/internal/model/NamedObjectInstantiator$ClassGeneratingLoader done
Event: 9.365 loading class java/util/HashMap$EntrySpliterator


Dynamic libraries:
0x00007ff695880000 - 0x00007ff6958b1000 	E:\2001160332_NguyenNgocSon_KT\jre\bin\java.exe
0x00007ff872100000 - 0x00007ff8722f0000 	C:\WINDOWS\SYSTEM32\ntdll.dll
0x00007ff872000000 - 0x00007ff8720b2000 	C:\WINDOWS\System32\KERNEL32.DLL
0x00007ff86f1e0000 - 0x00007ff86f483000 	C:\WINDOWS\System32\KERNELBASE.dll
0x00007ff871c90000 - 0x00007ff871d33000 	C:\WINDOWS\System32\ADVAPI32.dll
0x00007ff870510000 - 0x00007ff8705ae000 	C:\WINDOWS\System32\msvcrt.dll
0x00007ff870fe0000 - 0x00007ff871077000 	C:\WINDOWS\System32\sechost.dll
0x00007ff871ee0000 - 0x00007ff872000000 	C:\WINDOWS\System32\RPCRT4.dll
0x00007ff871080000 - 0x00007ff871214000 	C:\WINDOWS\System32\USER32.dll
0x00007ff86f090000 - 0x00007ff86f0b1000 	C:\WINDOWS\System32\win32u.dll
0x00007ff8704e0000 - 0x00007ff870506000 	C:\WINDOWS\System32\GDI32.dll
0x00007ff86f890000 - 0x00007ff86fa24000 	C:\WINDOWS\System32\gdi32full.dll
0x00007ff86f0c0000 - 0x00007ff86f15e000 	C:\WINDOWS\System32\msvcp_win.dll
0x00007ff86f790000 - 0x00007ff86f88a000 	C:\WINDOWS\System32\ucrtbase.dll
0x00007ff860570000 - 0x00007ff8607f5000 	C:\WINDOWS\WinSxS\amd64_microsoft.windows.common-controls_6595b64144ccf1df_6.0.18362.657_none_e6c5b579130e3898\COMCTL32.dll
0x00007ff870ca0000 - 0x00007ff870fd6000 	C:\WINDOWS\System32\combase.dll
0x00007ff86f4f0000 - 0x00007ff86f570000 	C:\WINDOWS\System32\bcryptPrimitives.dll
0x00007ff8717c0000 - 0x00007ff8717ee000 	C:\WINDOWS\System32\IMM32.DLL
0x000000005f7b0000 - 0x000000005f882000 	E:\2001160332_NguyenNgocSon_KT\jre\jre\bin\msvcr100.dll
0x000000005cb80000 - 0x000000005d3c6000 	E:\2001160332_NguyenNgocSon_KT\jre\jre\bin\server\jvm.dll
0x00007ff8717f0000 - 0x00007ff8717f8000 	C:\WINDOWS\System32\PSAPI.DLL
0x00007ff86aad0000 - 0x00007ff86aad9000 	C:\WINDOWS\SYSTEM32\WSOCK32.dll
0x00007ff86b5b0000 - 0x00007ff86b5d4000 	C:\WINDOWS\SYSTEM32\WINMM.dll
0x00007ff871610000 - 0x00007ff87167f000 	C:\WINDOWS\System32\WS2_32.dll
0x00007ff86b580000 - 0x00007ff86b5ad000 	C:\WINDOWS\SYSTEM32\WINMMBASE.dll
0x00007ff867a40000 - 0x00007ff867a4a000 	C:\WINDOWS\SYSTEM32\VERSION.dll
0x00007ff86f190000 - 0x00007ff86f1da000 	C:\WINDOWS\System32\cfgmgr32.dll
0x00007ff86a410000 - 0x00007ff86a41f000 	E:\2001160332_NguyenNgocSon_KT\jre\jre\bin\verify.dll
0x00007ff8691d0000 - 0x00007ff8691f9000 	E:\2001160332_NguyenNgocSon_KT\jre\jre\bin\java.dll
0x00007ff869ff0000 - 0x00007ff86a006000 	E:\2001160332_NguyenNgocSon_KT\jre\jre\bin\zip.dll
0x00007ff8705b0000 - 0x00007ff870c95000 	C:\WINDOWS\System32\SHELL32.dll
0x00007ff870280000 - 0x00007ff870329000 	C:\WINDOWS\System32\shcore.dll
0x00007ff86fa30000 - 0x00007ff8701af000 	C:\WINDOWS\System32\windows.storage.dll
0x00007ff86f070000 - 0x00007ff86f08f000 	C:\WINDOWS\System32\profapi.dll
0x00007ff86f000000 - 0x00007ff86f04a000 	C:\WINDOWS\System32\powrprof.dll
0x00007ff86efd0000 - 0x00007ff86efe0000 	C:\WINDOWS\System32\UMPDC.dll
0x00007ff871280000 - 0x00007ff8712d2000 	C:\WINDOWS\System32\shlwapi.dll
0x00007ff86efe0000 - 0x00007ff86eff1000 	C:\WINDOWS\System32\kernel.appcore.dll
0x00007ff86f620000 - 0x00007ff86f637000 	C:\WINDOWS\System32\cryptsp.dll
0x00007ff869150000 - 0x00007ff86916a000 	E:\2001160332_NguyenNgocSon_KT\jre\jre\bin\net.dll
0x00007ff86e840000 - 0x00007ff86e8a7000 	C:\WINDOWS\system32\mswsock.dll
0x00007ff869130000 - 0x00007ff869141000 	E:\2001160332_NguyenNgocSon_KT\jre\jre\bin\nio.dll
0x00007ff85f9e0000 - 0x00007ff85fa06000 	C:\Users\son\.gradle\native\29\windows-amd64\native-platform.dll
0x00007ff86a250000 - 0x00007ff86a25d000 	E:\2001160332_NguyenNgocSon_KT\jre\jre\bin\management.dll
0x00007ff86e3b0000 - 0x00007ff86e3e3000 	C:\WINDOWS\system32\rsaenh.dll
0x00007ff86f160000 - 0x00007ff86f186000 	C:\WINDOWS\System32\bcrypt.dll
0x00007ff86eef0000 - 0x00007ff86ef15000 	C:\WINDOWS\SYSTEM32\USERENV.dll
0x00007ff86ea10000 - 0x00007ff86ea1c000 	C:\WINDOWS\SYSTEM32\CRYPTBASE.dll
0x00007ff86e550000 - 0x00007ff86e58a000 	C:\WINDOWS\SYSTEM32\IPHLPAPI.DLL
0x00007ff871c80000 - 0x00007ff871c88000 	C:\WINDOWS\System32\NSI.dll
0x00007ff865970000 - 0x00007ff865986000 	C:\WINDOWS\SYSTEM32\dhcpcsvc6.DLL
0x00007ff867730000 - 0x00007ff86774c000 	C:\WINDOWS\SYSTEM32\dhcpcsvc.DLL
0x00007ff86e590000 - 0x00007ff86e65a000 	C:\WINDOWS\SYSTEM32\DNSAPI.dll

VM Arguments:
jvm_args: -Xmx1536m -Dfile.encoding=windows-1252 -Duser.country=US -Duser.language=en -Duser.variant 
java_command: org.gradle.launcher.daemon.bootstrap.GradleDaemon 5.4.1
java_class_path (initial): C:\Users\son\.gradle\wrapper\dists\gradle-5.4.1-all\3221gyojl5jsh0helicew7rwx\gradle-5.4.1\lib\gradle-launcher-5.4.1.jar
Launcher Type: SUN_STANDARD

Environment Variables:
USERNAME=son
OS=Windows_NT
PROCESSOR_IDENTIFIER=Intel64 Family 6 Model 158 Stepping 9, GenuineIntel



---------------  S Y S T E M  ---------------

OS: Windows 10.0 , 64 bit Build 18362 (10.0.18362.329)

CPU:total 4 (initial active 4) (4 cores per cpu, 1 threads per core) family 6 model 158 stepping 9, cmov, cx8, fxsr, mmx, sse, sse2, sse3, ssse3, sse4.1, sse4.2, popcnt, avx, avx2, aes, clmul, erms, 3dnowpref, lzcnt, tsc, tscinvbit, bmi1, bmi2, adx

Memory: 4k page, physical 8307612k(265704k free), swap 12219292k(6348k free)

vm_info: OpenJDK 64-Bit Server VM (25.202-b03) for windows-amd64 JRE (1.8.0_202-release-1483-b03), built by "builder" with MS VC++ 10.0 (VS2010)

time: Sun Feb 16 19:44:05 2020
timezone: SE Asia Standard Time
elapsed time: 9 seconds (0d 0h 0m 9s)

